\BOOKMARK [1][-]{section.1}{\376\377\000\040\0001\000.\000\040\000I\000n\000t\000r\000o\000d\000u\000c\000t\000i\000o\000n}{}% 1
\BOOKMARK [2][-]{subsection.1.1}{\376\377\0001\000.\0001\000\040\000W\000h\000a\000t\000\040\000i\000s\000\040\000A\000n\000g\000u\000l\000a\000r\000?}{section.1}% 2
\BOOKMARK [2][-]{subsection.1.2}{\376\377\0001\000.\0002\000\040\000F\000e\000a\000t\000u\000r\000e\000s\000\040\000o\000f\000\040\000A\000n\000g\000u\000l\000a\000r}{section.1}% 3
\BOOKMARK [2][-]{subsection.1.3}{\376\377\0001\000.\0003\000\040\000H\000o\000w\000\040\000t\000o\000\040\000c\000r\000e\000a\000t\000e\000\040\000a\000\040\000p\000r\000o\000j\000e\000c\000t}{section.1}% 4
\BOOKMARK [1][-]{section.2}{\376\377\000\040\0002\000.\000\040\000S\000t\000a\000t\000e\000\040\000o\000f\000\040\000t\000h\000e\000\040\000A\000r\000t}{}% 5
\BOOKMARK [2][-]{subsection.2.1}{\376\377\0002\000.\0001\000\040\000A\000n\000g\000u\000l\000a\000r\000\040\000v\000s\000\040\000R\000e\000a\000c\000t}{section.2}% 6
\BOOKMARK [2][-]{subsection.2.2}{\376\377\0002\000.\0002\000\040\000A\000n\000g\000u\000l\000a\000r\000\040\000i\000n\000f\000o\000r\000m\000a\000t\000i\000o\000n\000\040\000s\000o\000u\000r\000c\000e\000s}{section.2}% 7
\BOOKMARK [1][-]{section.3}{\376\377\000\040\0003\000.\000\040\000M\000e\000t\000h\000o\000d\000o\000l\000o\000g\000y}{}% 8
\BOOKMARK [2][-]{subsection.3.1}{\376\377\0003\000.\0001\000\040\000H\000o\000w\000\040\000t\000o\000\040\000c\000r\000e\000a\000t\000e\000\040\000a\000\040\000p\000r\000o\000j\000e\000c\000t}{section.3}% 9
\BOOKMARK [2][-]{subsection.3.2}{\376\377\0003\000.\0002\000\040\000O\000u\000r\000\040\000q\000u\000e\000s\000t\000i\000o\000n}{section.3}% 10
\BOOKMARK [1][-]{section.4}{\376\377\000\040\0004\000.\000\040\000B\000l\000a}{}% 11
\BOOKMARK [1][-]{section.5}{\376\377\000\040\0005\000.\000\040\000a\000d\000s\000f\000a\000s\000d\000f}{}% 12
\BOOKMARK [2][-]{subsection.5.1}{\376\377\0005\000.\0001\000\040\000f\000M\000R\000I\000\040\000a\000n\000d\000\040\000M\000E\000G\000\040\000d\000a\000t\000a}{section.5}% 13
\BOOKMARK [2][-]{subsection.5.2}{\376\377\0005\000.\0002\000\040\000E\000n\000c\000o\000d\000i\000n\000g\000\040\000m\000o\000d\000e\000l\000s}{section.5}% 14
\BOOKMARK [2][-]{subsection.5.3}{\376\377\0005\000.\0003\000\040\000E\000v\000a\000l\000u\000a\000t\000i\000o\000n\000\040\000o\000f\000\040\000p\000r\000e\000d\000i\000c\000t\000i\000o\000n\000s}{section.5}% 15
\BOOKMARK [2][-]{subsection.5.4}{\376\377\0005\000.\0004\000\040\000P\000r\000o\000o\000f\000\040\000o\000f\000\040\000c\000o\000n\000c\000e\000p\000t}{section.5}% 16
\BOOKMARK [1][-]{section.6}{\376\377\000\040\0006\000.\000\040\000H\000e\000a\000d\000i\000n\000g\000s}{}% 17
\BOOKMARK [2][-]{subsection.6.1}{\376\377\0006\000.\0001\000\040\000S\000e\000c\000o\000n\000d\000\040\000L\000e\000v\000e\000l\000\040\000H\000e\000a\000d\000i\000n\000g\000s}{section.6}% 18
\BOOKMARK [3][-]{subsubsection.6.1.1}{\376\377\0006\000.\0001\000.\0001\000\040\000T\000h\000i\000r\000d\000\040\000L\000e\000v\000e\000l\000\040\000H\000e\000a\000d\000i\000n\000g\000s}{subsection.6.1}% 19
\BOOKMARK [1][-]{section.7}{\376\377\000\040\0007\000.\000\040\000F\000l\000o\000a\000t\000s\000\040\000a\000n\000d\000\040\000e\000q\000u\000a\000t\000i\000o\000n\000s}{}% 20
\BOOKMARK [2][-]{subsection.7.1}{\376\377\0007\000.\0001\000\040\000E\000q\000u\000a\000t\000i\000o\000n\000s}{section.7}% 21
\BOOKMARK [2][-]{subsection.7.2}{\376\377\0007\000.\0002\000\040\000F\000i\000g\000u\000r\000e\000s\000,\000\040\000T\000a\000b\000l\000e\000s\000\040\000a\000n\000d\000\040\000C\000a\000p\000t\000i\000o\000n\000s}{section.7}% 22
\BOOKMARK [2][-]{subsection.7.3}{\376\377\0007\000.\0003\000\040\000F\000o\000o\000t\000n\000o\000t\000e\000s}{section.7}% 23
\BOOKMARK [1][-]{section.8}{\376\377\000\040\0008\000.\000\040\000C\000i\000t\000a\000t\000i\000o\000n\000s}{}% 24
\BOOKMARK [1][-]{section.9}{\376\377\000\040\0009\000.\000\040\000C\000o\000n\000c\000l\000u\000s\000i\000o\000n\000s}{}% 25
\BOOKMARK [1][-]{section.10}{\376\377\000\040\0001\0000\000.\000\040\000R\000e\000f\000e\000r\000e\000n\000c\000e\000s}{}% 26
