This is pdfTeX, Version 3.141592653-2.6-1.40.24 (MiKTeX 23.1) (preloaded format=pdflatex 2023.3.17)  28 MAR 2023 16:02
entering extended mode
 restricted \write18 enabled.
 file:line:error style messages enabled.
 %&-line parsing enabled.
**c:/Users/jm89615/Desktop/GitHub/BWMA-Carida/CaridaLatex/JesusPaper/main.tex
(c:/Users/jm89615/Desktop/GitHub/BWMA-Carida/CaridaLatex/JesusPaper/main.tex
LaTeX2e <2022-11-01> patch level 1
L3 programming layer <2023-02-07> (C:\Users\jm89615\AppData\Local\Programs\MiKTeX\tex/latex/base\article.cls
Document Class: article 2022/07/02 v1.4n Standard LaTeX document class
(C:\Users\jm89615\AppData\Local\Programs\MiKTeX\tex/latex/base\size10.clo
File: size10.clo 2022/07/02 v1.4n Standard LaTeX file (size option)
)
\c@part=\count185
\c@section=\count186
\c@subsection=\count187
\c@subsubsection=\count188
\c@paragraph=\count189
\c@subparagraph=\count190
\c@figure=\count191
\c@table=\count192
\abovecaptionskip=\skip48
\belowcaptionskip=\skip49
\bibindent=\dimen140
) (smc.sty) (C:\Users\jm89615\AppData\Local\Programs\MiKTeX\tex/latex/psnfss\times.sty
Package: times 2020/03/25 PSNFSS-v9.3 (SPQR) 
) (C:\Users\jm89615\AppData\Local\Programs\MiKTeX\tex/generic/iftex\ifpdf.sty
Package: ifpdf 2019/10/25 v3.4 ifpdf legacy package. Use iftex instead.
 (C:\Users\jm89615\AppData\Local\Programs\MiKTeX\tex/generic/iftex\iftex.sty
Package: iftex 2022/02/03 v1.0f TeX engine tests
)) (C:\Users\jm89615\AppData\Local\Programs\MiKTeX\tex/generic/babel\babel.sty
Package: babel 2023/02/13 3.86 The Babel package
\babel@savecnt=\count193
\U@D=\dimen141
\l@unhyphenated=\language79
 (C:\Users\jm89615\AppData\Local\Programs\MiKTeX\tex/generic/babel\txtbabel.def)
\bbl@readstream=\read2
\bbl@dirlevel=\count194

*************************************
* Local config file bblopts.cfg used
*
(C:\Users\jm89615\AppData\Local\Programs\MiKTeX\tex/latex/arabi\bblopts.cfg
File: bblopts.cfg 2005/09/08 v0.1 add Arabic and Farsi to "declared" options of babel
) (C:\Users\jm89615\AppData\Local\Programs\MiKTeX\tex/latex/babel-english\english.ldf
Language: english 2017/06/06 v3.3r English support from the babel system
Package babel Info: Hyphen rules for 'canadian' set to \l@english
(babel)             (\language0). Reported on input line 102.
Package babel Info: Hyphen rules for 'australian' set to \l@ukenglish
(babel)             (\language73). Reported on input line 105.
Package babel Info: Hyphen rules for 'newzealand' set to \l@ukenglish
(babel)             (\language73). Reported on input line 108.
)) (C:\Users\jm89615\AppData\Local\Programs\MiKTeX\tex/generic/babel/locale/en\babel-english.tex
Package babel Info: Importing font and identification data for english
(babel)             from babel-en.ini. Reported on input line 11.
) (C:\Users\jm89615\AppData\Local\Programs\MiKTeX\tex/latex/cite\cite.sty
LaTeX Info: Redefining \cite on input line 302.
LaTeX Info: Redefining \nocite on input line 332.
Package: cite 2015/02/27  v 5.5
) (C:\Users\jm89615\AppData\Local\Programs\MiKTeX\tex/latex/listings\listings.sty (C:\Users\jm89615\AppData\Local\Programs\MiKTeX\tex/latex/graphics\keyval.sty
Package: keyval 2022/05/29 v1.15 key=value parser (DPC)
\KV@toks@=\toks16
)
\lst@mode=\count195
\lst@gtempboxa=\box51
\lst@token=\toks17
\lst@length=\count196
\lst@currlwidth=\dimen142
\lst@column=\count197
\lst@pos=\count198
\lst@lostspace=\dimen143
\lst@width=\dimen144
\lst@newlines=\count199
\lst@lineno=\count266
\lst@maxwidth=\dimen145
 (C:\Users\jm89615\AppData\Local\Programs\MiKTeX\tex/latex/listings\lstmisc.sty
File: lstmisc.sty 2020/03/24 1.8d (Carsten Heinz)
\c@lstnumber=\count267
\lst@skipnumbers=\count268
\lst@framebox=\box52
) (C:\Users\jm89615\AppData\Local\Programs\MiKTeX\tex/latex/listings\listings.cfg
File: listings.cfg 2020/03/24 1.8d listings configuration
))
Package: listings 2020/03/24 1.8d (Carsten Heinz)
 (C:\Users\jm89615\AppData\Local\Programs\MiKTeX\tex/latex/hyperref\hyperref.sty
Package: hyperref 2023-02-07 v7.00v Hypertext links for LaTeX
 (C:\Users\jm89615\AppData\Local\Programs\MiKTeX\tex/generic/ltxcmds\ltxcmds.sty
Package: ltxcmds 2020-05-10 v1.25 LaTeX kernel commands for general use (HO)
) (C:\Users\jm89615\AppData\Local\Programs\MiKTeX\tex/generic/pdftexcmds\pdftexcmds.sty
Package: pdftexcmds 2020-06-27 v0.33 Utility functions of pdfTeX for LuaTeX (HO)
 (C:\Users\jm89615\AppData\Local\Programs\MiKTeX\tex/generic/infwarerr\infwarerr.sty
Package: infwarerr 2019/12/03 v1.5 Providing info/warning/error messages (HO)
)
Package pdftexcmds Info: \pdf@primitive is available.
Package pdftexcmds Info: \pdf@ifprimitive is available.
Package pdftexcmds Info: \pdfdraftmode found.
) (C:\Users\jm89615\AppData\Local\Programs\MiKTeX\tex/latex/kvsetkeys\kvsetkeys.sty
Package: kvsetkeys 2022-10-05 v1.19 Key value parser (HO)
) (C:\Users\jm89615\AppData\Local\Programs\MiKTeX\tex/generic/kvdefinekeys\kvdefinekeys.sty
Package: kvdefinekeys 2019-12-19 v1.6 Define keys (HO)
) (C:\Users\jm89615\AppData\Local\Programs\MiKTeX\tex/generic/pdfescape\pdfescape.sty
Package: pdfescape 2019/12/09 v1.15 Implements pdfTeX's escape features (HO)
) (C:\Users\jm89615\AppData\Local\Programs\MiKTeX\tex/latex/hycolor\hycolor.sty
Package: hycolor 2020-01-27 v1.10 Color options for hyperref/bookmark (HO)
) (C:\Users\jm89615\AppData\Local\Programs\MiKTeX\tex/latex/letltxmacro\letltxmacro.sty
Package: letltxmacro 2019/12/03 v1.6 Let assignment for LaTeX macros (HO)
) (C:\Users\jm89615\AppData\Local\Programs\MiKTeX\tex/latex/auxhook\auxhook.sty
Package: auxhook 2019-12-17 v1.6 Hooks for auxiliary files (HO)
) (C:\Users\jm89615\AppData\Local\Programs\MiKTeX\tex/latex/hyperref\nameref.sty
Package: nameref 2022-05-17 v2.50 Cross-referencing by name of section
 (C:\Users\jm89615\AppData\Local\Programs\MiKTeX\tex/latex/refcount\refcount.sty
Package: refcount 2019/12/15 v3.6 Data extraction from label references (HO)
) (C:\Users\jm89615\AppData\Local\Programs\MiKTeX\tex/generic/gettitlestring\gettitlestring.sty
Package: gettitlestring 2019/12/15 v1.6 Cleanup title references (HO)
 (C:\Users\jm89615\AppData\Local\Programs\MiKTeX\tex/latex/kvoptions\kvoptions.sty
Package: kvoptions 2022-06-15 v3.15 Key value format for package options (HO)
))
\c@section@level=\count269
)
\@linkdim=\dimen146
\Hy@linkcounter=\count270
\Hy@pagecounter=\count271
 (C:\Users\jm89615\AppData\Local\Programs\MiKTeX\tex/latex/hyperref\pd1enc.def
File: pd1enc.def 2023-02-07 v7.00v Hyperref: PDFDocEncoding definition (HO)
Now handling font encoding PD1 ...
... no UTF-8 mapping file for font encoding PD1
) (C:\Users\jm89615\AppData\Local\Programs\MiKTeX\tex/generic/intcalc\intcalc.sty
Package: intcalc 2019/12/15 v1.3 Expandable calculations with integers (HO)
) (C:\Users\jm89615\AppData\Local\Programs\MiKTeX\tex/generic/etexcmds\etexcmds.sty
Package: etexcmds 2019/12/15 v1.7 Avoid name clashes with e-TeX commands (HO)
)
\Hy@SavedSpaceFactor=\count272
 (C:\Users\jm89615\AppData\Local\Programs\MiKTeX\tex/latex/hyperref\puenc.def
File: puenc.def 2023-02-07 v7.00v Hyperref: PDF Unicode definition (HO)
Now handling font encoding PU ...
... no UTF-8 mapping file for font encoding PU
)
Package hyperref Info: Option `bookmarksnumbered' set `true' on input line 4060.
Package hyperref Info: Hyper figures OFF on input line 4177.
Package hyperref Info: Link nesting OFF on input line 4182.
Package hyperref Info: Hyper index ON on input line 4185.
Package hyperref Info: Plain pages OFF on input line 4192.
Package hyperref Info: Backreferencing OFF on input line 4197.
Package hyperref Info: Implicit mode ON; LaTeX internals redefined.
Package hyperref Info: Bookmarks ON on input line 4425.
\c@Hy@tempcnt=\count273
 (C:\Users\jm89615\AppData\Local\Programs\MiKTeX\tex/latex/url\url.sty
\Urlmuskip=\muskip16
Package: url 2013/09/16  ver 3.4  Verb mode for urls, etc.
)
LaTeX Info: Redefining \url on input line 4763.
\XeTeXLinkMargin=\dimen147
 (C:\Users\jm89615\AppData\Local\Programs\MiKTeX\tex/generic/bitset\bitset.sty
Package: bitset 2019/12/09 v1.3 Handle bit-vector datatype (HO)
 (C:\Users\jm89615\AppData\Local\Programs\MiKTeX\tex/generic/bigintcalc\bigintcalc.sty
Package: bigintcalc 2019/12/15 v1.5 Expandable calculations on big integers (HO)
))
\Fld@menulength=\count274
\Field@Width=\dimen148
\Fld@charsize=\dimen149
Package hyperref Info: Hyper figures OFF on input line 6042.
Package hyperref Info: Link nesting OFF on input line 6047.
Package hyperref Info: Hyper index ON on input line 6050.
Package hyperref Info: backreferencing OFF on input line 6057.
Package hyperref Info: Link coloring OFF on input line 6062.
Package hyperref Info: Link coloring with OCG OFF on input line 6067.
Package hyperref Info: PDF/A mode OFF on input line 6072.
 (C:\Users\jm89615\AppData\Local\Programs\MiKTeX\tex/latex/base\atbegshi-ltx.sty
Package: atbegshi-ltx 2021/01/10 v1.0c Emulation of the original atbegshi
package with kernel methods
)
\Hy@abspage=\count275
\c@Item=\count276
\c@Hfootnote=\count277
)
Package hyperref Info: Driver: hpdftex.
 (C:\Users\jm89615\AppData\Local\Programs\MiKTeX\tex/latex/hyperref\hpdftex.def
File: hpdftex.def 2023-02-07 v7.00v Hyperref driver for pdfTeX
 (C:\Users\jm89615\AppData\Local\Programs\MiKTeX\tex/latex/base\atveryend-ltx.sty
Package: atveryend-ltx 2020/08/19 v1.0a Emulation of the original atveryend package
with kernel methods
)
\Fld@listcount=\count278
\c@bookmark@seq@number=\count279
 (C:\Users\jm89615\AppData\Local\Programs\MiKTeX\tex/latex/rerunfilecheck\rerunfilecheck.sty
Package: rerunfilecheck 2022-07-10 v1.10 Rerun checks for auxiliary files (HO)
 (C:\Users\jm89615\AppData\Local\Programs\MiKTeX\tex/generic/uniquecounter\uniquecounter.sty
Package: uniquecounter 2019/12/15 v1.4 Provide unlimited unique counter (HO)
)
Package uniquecounter Info: New unique counter `rerunfilecheck' on input line 285.
)
\Hy@SectionHShift=\skip50
) (C:\Users\jm89615\AppData\Local\Programs\MiKTeX\tex/latex/graphics\graphicx.sty
Package: graphicx 2021/09/16 v1.2d Enhanced LaTeX Graphics (DPC,SPQR)
 (C:\Users\jm89615\AppData\Local\Programs\MiKTeX\tex/latex/graphics\graphics.sty
Package: graphics 2022/03/10 v1.4e Standard LaTeX Graphics (DPC,SPQR)
 (C:\Users\jm89615\AppData\Local\Programs\MiKTeX\tex/latex/graphics\trig.sty
Package: trig 2021/08/11 v1.11 sin cos tan (DPC)
) (C:\Users\jm89615\AppData\Local\Programs\MiKTeX\tex/latex/graphics-cfg\graphics.cfg
File: graphics.cfg 2016/06/04 v1.11 sample graphics configuration
)
Package graphics Info: Driver file: pdftex.def on input line 107.
 (C:\Users\jm89615\AppData\Local\Programs\MiKTeX\tex/latex/graphics-def\pdftex.def
File: pdftex.def 2022/09/22 v1.2b Graphics/color driver for pdftex
))
\Gin@req@height=\dimen150
\Gin@req@width=\dimen151
) (C:\Users\jm89615\AppData\Local\Programs\MiKTeX\tex/latex/oberdiek\hypcap.sty
Package: hypcap 2016/05/16 v1.12 Adjusting the anchors of captions (HO)
)
Package hyperref Info: Option `colorlinks' set `true' on input line 87.
LaTeX Font Info:    Trying to load font information for OT1+ptm on input line 121.
 (C:\Users\jm89615\AppData\Local\Programs\MiKTeX\tex/latex/psnfss\ot1ptm.fd
File: ot1ptm.fd 2001/06/04 font definitions for OT1/ptm.
) (C:\Users\jm89615\AppData\Local\Programs\MiKTeX\tex/latex/l3backend\l3backend-pdftex.def
File: l3backend-pdftex.def 2023-01-16 L3 backend support: PDF output (pdfTeX)
\l__color_backend_stack_int=\count280
\l__pdf_internal_box=\box53
) (main.aux)
\openout1 = `main.aux'.

LaTeX Font Info:    Checking defaults for OML/cmm/m/it on input line 121.
LaTeX Font Info:    ... okay on input line 121.
LaTeX Font Info:    Checking defaults for OMS/cmsy/m/n on input line 121.
LaTeX Font Info:    ... okay on input line 121.
LaTeX Font Info:    Checking defaults for OT1/cmr/m/n on input line 121.
LaTeX Font Info:    ... okay on input line 121.
LaTeX Font Info:    Checking defaults for T1/cmr/m/n on input line 121.
LaTeX Font Info:    ... okay on input line 121.
LaTeX Font Info:    Checking defaults for TS1/cmr/m/n on input line 121.
LaTeX Font Info:    ... okay on input line 121.
LaTeX Font Info:    Checking defaults for OMX/cmex/m/n on input line 121.
LaTeX Font Info:    ... okay on input line 121.
LaTeX Font Info:    Checking defaults for U/cmr/m/n on input line 121.
LaTeX Font Info:    ... okay on input line 121.
LaTeX Font Info:    Checking defaults for PD1/pdf/m/n on input line 121.
LaTeX Font Info:    ... okay on input line 121.
LaTeX Font Info:    Checking defaults for PU/pdf/m/n on input line 121.
LaTeX Font Info:    ... okay on input line 121.
\c@lstlisting=\count281
 (C:\Users\jm89615\AppData\Local\Programs\MiKTeX\tex/latex/graphics\color.sty
Package: color 2022/01/06 v1.3d Standard LaTeX Color (DPC)
 (C:\Users\jm89615\AppData\Local\Programs\MiKTeX\tex/latex/graphics-cfg\color.cfg
File: color.cfg 2016/01/02 v1.6 sample color configuration
)
Package color Info: Driver file: pdftex.def on input line 149.
 (C:\Users\jm89615\AppData\Local\Programs\MiKTeX\tex/latex/graphics\mathcolor.ltx))
Package hyperref Info: Link coloring ON on input line 121.
 (main.out) (main.out)
\@outlinefile=\write3
\openout3 = `main.out'.

 (C:\Users\jm89615\AppData\Local\Programs\MiKTeX\tex/context/base/mkii\supp-pdf.mkii
[Loading MPS to PDF converter (version 2006.09.02).]
\scratchcounter=\count282
\scratchdimen=\dimen152
\scratchbox=\box54
\nofMPsegments=\count283
\nofMParguments=\count284
\everyMPshowfont=\toks18
\MPscratchCnt=\count285
\MPscratchDim=\dimen153
\MPnumerator=\count286
\makeMPintoPDFobject=\count287
\everyMPtoPDFconversion=\toks19
) (C:\Users\jm89615\AppData\Local\Programs\MiKTeX\tex/latex/epstopdf-pkg\epstopdf-base.sty
Package: epstopdf-base 2020-01-24 v2.11 Base part for package epstopdf
 (C:\Users\jm89615\AppData\Local\Programs\MiKTeX\tex/latex/grfext\grfext.sty
Package: grfext 2019/12/03 v1.3 Manage graphics extensions (HO)
)
Package epstopdf-base Info: Redefining graphics rule for `.eps' on input line 485.
Package grfext Info: Graphics extension search list:
(grfext)             [.pdf,.jpeg,.png,.eps]
(grfext)             \AppendGraphicsExtensions on input line 504.
 (C:\Users\jm89615\AppData\Local\Programs\MiKTeX\tex/latex/00miktex\epstopdf-sys.cfg
File: epstopdf-sys.cfg 2021/03/18 v2.0 Configuration of epstopdf for MiKTeX
))
LaTeX Font Info:    External font `cmex10' loaded for size
(Font)              <7> on input line 125.
LaTeX Font Info:    External font `cmex10' loaded for size
(Font)              <5> on input line 125.
LaTeX Font Info:    Trying to load font information for OT1+pcr on input line 125.
 (C:\Users\jm89615\AppData\Local\Programs\MiKTeX\tex/latex/psnfss\ot1pcr.fd
File: ot1pcr.fd 2001/06/04 font definitions for OT1/pcr.
)
LaTeX Font Info:    Trying to load font information for TS1+ptm on input line 125.
 (C:\Users\jm89615\AppData\Local\Programs\MiKTeX\tex/latex/psnfss\ts1ptm.fd
File: ts1ptm.fd 2001/06/04 font definitions for TS1/ptm.
)
Underfull \hbox (badness 10000) in paragraph at lines 125--125
[]\OT1/ptm/m/it/7 Copyright: \TS1/ptm/m/it/7 ©|  \OT1/ptm/m/it/7 2023 Jes[]us Moreno Dur[]an|  et al. This is
 []


Underfull \hbox (badness 10000) in paragraph at lines 125--125
\OT1/ptm/m/it/7 an open-access ar-ti-cle dis-tributed un-der the terms of the
 []


Underfull \hbox (badness 10000) in paragraph at lines 125--125
[][][]$[]$[][][]\OT1/ptm/m/it/7 , which per-mits un-re-
 []

(main.toc)
\tf@toc=\write4
\openout4 = `main.toc'.


Overfull \hbox (4.5747pt too wide) in paragraph at lines 131--132
\OT1/ptm/m/n/10 side single-page ap-pli-ca-tions (SPA) through the use of Type-
 []


Overfull \hbox (0.13483pt too wide) in paragraph at lines 137--138
\OT1/ptm/m/n/10 Sharing cars has gained im-mense pop-u-lar-ity in re-cent times
 []


Overfull \hbox (2.04482pt too wide) in paragraph at lines 148--149
\OT1/ptm/m/n/10 work for build-ing single-page ap-pli-ca-tions. De-spite its tran-
 []

[1{C:/Users/jm89615/AppData/Local/MiKTeX/fonts/map/pdftex/pdftex.map}



]
Overfull \hbox (2.1451pt too wide) in paragraph at lines 158--159
\OT1/ptm/m/n/10 tem that en-ables de-vel-op-ers to build ap-pli-ca-tions with
 []


Overfull \hbox (3.27599pt too wide) in paragraph at lines 159--160
[]\OT1/ptm/m/n/10 Progressive Web Apps (PWA): An-gu-lar pro-vides sup-
 []


Overfull \hbox (2.93509pt too wide) in paragraph at lines 171--172
\OT1/ptm/m/n/10 project and gen-er-ates the ba-sic struc-ture of the project
 []


Overfull \hbox (1.79582pt too wide) in paragraph at lines 172--173
\OT1/ptm/m/n/10 your de-fault browser, al-low-ing you to see the changes
 []


Overfull \hbox (8.00554pt too wide) in paragraph at lines 185--186
[]\OT1/ptm/m/n/10 Origin: Google de-vel-ops and main-tains An-gu-lar, while
 []


Overfull \hbox (2.00542pt too wide) in paragraph at lines 186--187
\OT1/ptm/m/n/10 ming lan-guage that pro-vides greater se-cu-rity and ease
 []


Overfull \hbox (0.54543pt too wide) in paragraph at lines 186--187
\OT1/ptm/m/n/10 of main-te-nance for large projects. Re-act, on the other
 []

[2]
<figures/app.module.ts.png, id=164, 1029.8475pt x 1559.8275pt>
File: figures/app.module.ts.png Graphic file (type png)
<use figures/app.module.ts.png>
Package pdftex.def Info: figures/app.module.ts.png  used on input line 211.
(pdftex.def)             Requested size: 209.9799pt x 318.02924pt.
<figures/app.component.html.png, id=167, 606.265pt x 399.4925pt>
File: figures/app.component.html.png Graphic file (type png)
<use figures/app.component.html.png>
Package pdftex.def Info: figures/app.component.html.png  used on input line 224.
(pdftex.def)             Requested size: 116.6563pt x 76.8675pt.

Overfull \hbox (4.40591pt too wide) in paragraph at lines 228--229
\OT1/ptm/m/n/10 com-po-nent de-pend-ing on the route de-fined on app.module.ts
 []

<figures/user.module.ts.png, id=170, 911.405pt x 915.42pt>
File: figures/user.module.ts.png Graphic file (type png)
<use figures/user.module.ts.png>
Package pdftex.def Info: figures/user.module.ts.png  used on input line 234.
(pdftex.def)             Requested size: 186.65077pt x 187.46675pt.

Overfull \hbox (4.39445pt too wide) in paragraph at lines 240--241
\OT1/ptm/m/n/10 oc-cu-pied-Seats, start-Lat-i-tude, start-Lon-gi-tude, fin-ish-Lat-i-tude,
 []

[3 <./figures/app.module.ts.png> <./figures/app.component.html.png> <./figures/user.module.ts.png>]
<figures/TripService.service.ts.png, id=185, 1266.7325pt x 1282.7925pt>
File: figures/TripService.service.ts.png Graphic file (type png)
<use figures/TripService.service.ts.png>
Package pdftex.def Info: figures/TripService.service.ts.png  used on input line 247.
(pdftex.def)             Requested size: 233.31259pt x 236.2559pt.
<figures/tripsPage.component.html.png, id=187, 1166.3575pt x 600.2425pt>
File: figures/tripsPage.component.html.png Graphic file (type png)
<use figures/tripsPage.component.html.png>
Package pdftex.def Info: figures/tripsPage.component.html.png  used on input line 271.
(pdftex.def)             Requested size: 233.31259pt x 120.06468pt.


LaTeX Warning: `h' float specifier changed to `ht'.

<figures/Main page.png, id=192, 942.52126pt x 673.01437pt>
File: figures/Main page.png Graphic file (type png)
<use figures/Main page.png>
Package pdftex.def Info: figures/Main page.png  used on input line 293.
(pdftex.def)             Requested size: 233.31259pt x 166.58954pt.
[4 <./figures/TripService.service.ts.png> <./figures/tripsPage.component.html.png> <./figures/Main page.png>]
<figures/Trips page.png, id=207, 942.52126pt x 672.26157pt>
File: figures/Trips page.png Graphic file (type png)
<use figures/Trips page.png>
Package pdftex.def Info: figures/Trips page.png  used on input line 305.
(pdftex.def)             Requested size: 233.31259pt x 166.4032pt.
<figures/Map of route.png, id=210, 367.3725pt x 414.79968pt>
File: figures/Map of route.png Graphic file (type png)
<use figures/Map of route.png>
Package pdftex.def Info: figures/Map of route.png  used on input line 313.
(pdftex.def)             Requested size: 116.6563pt x 131.71326pt.

Overfull \hbox (2.67523pt too wide) in paragraph at lines 340--342
\OT1/ptm/m/n/10 ef-fi-ciently, re-sult-ing in vastly im-proved ac-cu-ra-cies. In 2019,
 []


Overfull \hbox (10.79451pt too wide) in paragraph at lines 340--342
\OT1/ptm/m/n/10 Trans-former ar-chi-tec-ture. Straight-away BERT helped achieve
 []

[5 <./figures/Trips page.png> <./figures/Map of route.png>]
Overfull \hbox (2.7351pt too wide) in paragraph at lines 357--358
\OT1/ptm/m/n/10 (ELMO, BERT, USE and T-XL) change as we pro-vide vary-
 []

<pycortex.png, id=247, 555.2745pt x 268.6035pt>
File: pycortex.png Graphic file (type png)
<use pycortex.png>
Package pdftex.def Info: pycortex.png  used on input line 371.
(pdftex.def)             Requested size: 256.64526pt x 124.14929pt.

Overfull \hbox (23.33267pt too wide) in paragraph at lines 371--372
 [][] 
 []

[6 <./pycortex.png>]
<figure.pdf, id=263, 130.4875pt x 91.34125pt>
File: figure.pdf Graphic file (type pdf)
<use figure.pdf>
Package pdftex.def Info: figure.pdf  used on input line 451.
(pdftex.def)             Requested size: 139.98897pt x 97.9934pt.
LaTeX Font Info:    External font `cmex10' loaded for size
(Font)              <8> on input line 458.
LaTeX Font Info:    External font `cmex10' loaded for size
(Font)              <6> on input line 458.

Overfull \hbox (2.37585pt too wide) in paragraph at lines 465--467
[]\OT1/ptm/m/n/10 Reference num-bers in the text should ap-pear within square
 []

(main.bbl
Underfull \hbox (badness 3240) in paragraph at lines 25--27
[]\OT1/ptm/m/n/10 K. S. Jones, ``Nat-u-ral lan-guage pro-cess-ing: an
 []


Underfull \hbox (badness 4266) in paragraph at lines 29--31
\OT1/ptm/m/n/10 Re-cur-rent neu-ral net-work en-hanced trans-former,''
 []

[7 <./figure.pdf>]) [8] (main.aux)
Package rerunfilecheck Info: File `main.out' has not changed.
(rerunfilecheck)             Checksum: 47F1F5B2D81F19EE2D4DDD0E745362F6;4381.
 )
(\end occurred when \ifx on line 40 was incomplete) 
Here is how much of TeX's memory you used:
 11155 strings out of 476339
 182199 string characters out of 5787175
 1880340 words of memory out of 5000000
 31333 multiletter control sequences out of 15000+600000
 530872 words of font info for 62 fonts, out of 8000000 for 9000
 1141 hyphenation exceptions out of 8191
 75i,15n,76p,1080b,580s stack positions out of 10000i,1000n,20000p,200000b,200000s
{C:/Users/jm89615/AppData/Local/Programs/MiKTeX/fonts/enc/dvips/base/8r.enc}<C:/Users/jm89615/AppData/Local/Programs/MiKTeX/fonts/type1/public/amsfonts/cm/cmmi10.pfb><C:/Users/jm89615/AppData/Local/Programs/MiKTeX/fonts/type1/public/amsfonts/cm/cmr10.pfb><C:/Users/jm89615/AppData/Local/Programs/MiKTeX/fonts/type1/public/amsfonts/cm/cmr5.pfb><C:/Users/jm89615/AppData/Local/Programs/MiKTeX/fonts/type1/public/amsfonts/cm/cmsy10.pfb><C:/Users/jm89615/AppData/Local/Programs/MiKTeX/fonts/type1/urw/courier/ucrr8a.pfb><C:/Users/jm89615/AppData/Local/Programs/MiKTeX/fonts/type1/urw/times/utmb8a.pfb><C:/Users/jm89615/AppData/Local/Programs/MiKTeX/fonts/type1/urw/times/utmr8a.pfb><C:/Users/jm89615/AppData/Local/Programs/MiKTeX/fonts/type1/urw/times/utmri8a.pfb>
Output written on main.pdf (8 pages, 1445471 bytes).
PDF statistics:
 345 PDF objects out of 1000 (max. 8388607)
 78 named destinations out of 1000 (max. 500000)
 275 words of extra memory for PDF output out of 10000 (max. 10000000)

